<?xml version="1.0" encoding="UTF-8"?>
<!-- Generated by org.testng.reporters.JUnitXMLReporter -->
<testsuite ignored="0" hostname="LAPTOP-Q4DCNU94" failures="0" tests="5" name="Test1" time="20.266" errors="0" timestamp="2024-03-28T10:16:26 IST">
  <testcase classname="practice.testNG.Practice8" name="iternateInk" time="20.204"/>
  <testcase classname="practice.testNG.Practice8" name="iternateInt" time="20.204"/>
  <testcase classname="practice.testNG.Practice6" name="iternateInt" time="20.204"/>
  <testcase classname="practice.testNG.Practice6" name="iternateIns" time="20.204"/>
  <testcase classname="practice.testNG.Practice6" name="iternateInr" time="20.204"/>
</testsuite> <!-- Test1 -->
