<?xml version="1.0" encoding="UTF-8"?>
<testng-results ignored="0" total="1" passed="1" failed="0" skipped="0">
  <reporter-output>
  </reporter-output>
  <suite started-at="2024-02-24T12:47:37 IST" name="nopCommerce" finished-at="2024-02-24T12:47:37 IST" duration-ms="259">
    <groups>
    </groups>
    <test started-at="2024-02-24T12:47:37 IST" name="Login Test" finished-at="2024-02-24T12:47:37 IST" duration-ms="259">
      <class name="nopcommerce.test.TC_Login">
        <test-method is-config="true" signature="setConnection()[pri:0, instance:nopcommerce.test.TC_Login@449a4f23]" started-at="2024-02-24T12:47:33 IST" name="setConnection" finished-at="2024-02-24T12:47:37 IST" duration-ms="3275" status="PASS">
          <reporter-output>
          </reporter-output>
        </test-method> <!-- setConnection -->
        <test-method signature="login()[pri:0, instance:nopcommerce.test.TC_Login@449a4f23]" started-at="2024-02-24T12:47:37 IST" name="login" finished-at="2024-02-24T12:47:37 IST" duration-ms="221" status="PASS">
          <reporter-output>
          </reporter-output>
        </test-method> <!-- login -->
        <test-method is-config="true" signature="closeConnections()[pri:0, instance:nopcommerce.test.TC_Login@449a4f23]" started-at="2024-02-24T12:47:37 IST" name="closeConnections" finished-at="2024-02-24T12:47:46 IST" duration-ms="8920" status="PASS">
          <reporter-output>
          </reporter-output>
        </test-method> <!-- closeConnections -->
      </class> <!-- nopcommerce.test.TC_Login -->
    </test> <!-- Login Test -->
  </suite> <!-- nopCommerce -->
</testng-results>
