<?xml version="1.0" encoding="UTF-8"?>
<testng-results ignored="0" total="1" passed="1" failed="0" skipped="0">
  <reporter-output>
  </reporter-output>
  <suite started-at="2024-02-25T10:48:20 IST" name="Default suite" finished-at="2024-02-25T10:48:20 IST" duration-ms="624">
    <groups>
    </groups>
    <test started-at="2024-02-25T10:48:20 IST" name="Default test" finished-at="2024-02-25T10:48:20 IST" duration-ms="624">
      <class name="nop.utilities.ReadAndWriteExcel">
        <test-method signature="readExcel()[pri:0, instance:nop.utilities.ReadAndWriteExcel@28261e8e]" started-at="2024-02-25T10:48:20 IST" name="readExcel" finished-at="2024-02-25T10:48:20 IST" duration-ms="581" status="PASS">
          <reporter-output>
          </reporter-output>
        </test-method> <!-- readExcel -->
      </class> <!-- nop.utilities.ReadAndWriteExcel -->
    </test> <!-- Default test -->
  </suite> <!-- Default suite -->
</testng-results>
